MPASM  5.43                      PROCE161.ASM   6-25-2018  18:31:50         PAGE  1


LOC  OBJECT CODE     LINE SOURCE TEXT
  VALUE

                      00001 ;****************************************************
                      00002 
                      00003         LIST P=16F84A
                      00004         
                      00005         INCLUDE<P16F84A.INC>
                      00001         LIST
                      00002 
                      00003 ;==========================================================================
                      00004 ;  MPASM PIC16F84A processor include
                      00005 ; 
                      00006 ;  (c) Copyright 1999-2011 Microchip Technology, All rights reserved
                      00007 ;==========================================================================
                      00008 
                      00207         LIST
                      00006         
                      00007 ;P 16 1
                      00008 
                      00009 ;****************************************************
                      00010 
0000   0190           00011         clrf    0x10
0001   0191           00012         clrf    0x11
                      00013         
0002   30FF           00014         movlw   0xFF
0003   008C           00015         movwf   0x0C
0004   30FF           00016         movlw   0xFF
0005   008D           00017         movwf   0x0D
0006   3000           00018         movlw   0x00
0007   008E           00019         movwf   0x0E
0008   30FF           00020         movlw   0xFF
0009   008F           00021         movwf   0x0F
000A   280B           00022         goto    DIVISION
                      00023         
000B                  00024 DIVISION
                      00025 
000B   2021           00026         call    COMPROBAR
000C   202A           00027         call    COMPLEMENTO_1
000D   081F           00028         movfw   0x1F
000E   078D           00029         addwf   0x0D,1
000F   2019           00030         call    CARRY_D
0010   081E           00031         movfw   0x1E
0011   078C           00032         addwf   0x0C,1
0012   0F91           00033         incfsz  0x11,1
0013   280B           00034         goto    DIVISION
0014   0A90           00035         incf    0x10,1
0015   280B           00036         goto    DIVISION
                      00037         
0016                  00038 CARRY
0016   1803           00039         btfsc   STATUS,0
0017   0008           00040         return
0018   2837           00041         goto    FIN
                      00042         
0019                  00043 CARRY_D
0019   1C03           00044         btfss   STATUS,0
MPASM  5.43                      PROCE161.ASM   6-25-2018  18:31:50         PAGE  2


LOC  OBJECT CODE     LINE SOURCE TEXT
  VALUE

001A   0008           00045         return
001B   0A9E           00046         incf    0x1E,1
001C   0008           00047         return
                      00048         
001D                  00049 CARRY_Z
001D   1D03           00050         btfss   STATUS,2
001E   0008           00051         return
001F   2026           00052         call    COMPROBAR_2
0020   0008           00053         return
                      00054 
0021                  00055 COMPROBAR
0021   080E           00056         movfw   0x0E
0022   020C           00057         subwf   0x0C,0
0023   2016           00058         call    CARRY
0024   201D           00059         call    CARRY_Z
0025   0008           00060         return  
                      00061 
0026                  00062 COMPROBAR_2
0026   080F           00063         movfw   0x0F
0027   020D           00064         subwf   0x0D,0
0028   2016           00065         call    CARRY
0029   0008           00066         return
                      00067         
002A                  00068 COMPLEMENTO_1
                      00069         
002A   090E           00070         comf    0x0E,0
002B   009E           00071         movwf   0x1E
002C   090F           00072         comf    0x0F,0
002D   009F           00073         movwf   0x1F
002E   2030           00074         call    COMPLEMENTO_2
002F   0008           00075         return
                      00076 
0030                  00077 COMPLEMENTO_2
0030   0F9F           00078         incfsz  0x1F,1
0031   0008           00079         return
0032   0A9E           00080         incf    0x1E,1
0033   0008           00081         return
                      00082         
0034                  00083 ERR_0
                      00084         
0034   0190           00085         clrf    0x10
0035   0191           00086         clrf    0x11
0036   0008           00087         return
                      00088         
                      00089 ;COMP_F
                      00090 
                      00091 ;       movfw   0x0E
                      00092 ;       subwf   0x0C,0
                      00093 ;       addwf   0x0E,0
                      00094 ;       btfss   STATUS,2
                      00095 ;       btfsc   STATUS,0
                      00096 ;       btfss   STATUS,2
                      00097 ;       goto    ERR_0
MPASM  5.43                      PROCE161.ASM   6-25-2018  18:31:50         PAGE  3


LOC  OBJECT CODE     LINE SOURCE TEXT
  VALUE

                      00098 ;       movfw   0x0F
                      00099 ;       subwf   0x0D,0
                      00100 ;       addwf   0x0F,0
                      00101 ;       btfss   STATUS,2
                      00102 ;       goto    ERR_0
                      00103 ;       return
                      00104         
0037                  00105 FIN
                      00106         
                      00107 ;       call    COMP_F
0037   2837           00108         goto    FIN
                      00109         
Warning[205]: Found directive in column 1. (END)
                      00110 END
MPASM  5.43                      PROCE161.ASM   6-25-2018  18:31:50         PAGE  4


SYMBOL TABLE
  LABEL                             VALUE 

C                                 00000000
CARRY                             00000016
CARRY_D                           00000019
CARRY_Z                           0000001D
COMPLEMENTO_1                     0000002A
COMPLEMENTO_2                     00000030
COMPROBAR                         00000021
COMPROBAR_2                       00000026
DC                                00000001
DIVISION                          0000000B
EEADR                             00000009
EECON1                            00000088
EECON2                            00000089
EEDATA                            00000008
EEIE                              00000006
EEIF                              00000004
ERR_0                             00000034
F                                 00000001
FIN                               00000037
FSR                               00000004
GIE                               00000007
INDF                              00000000
INTCON                            0000000B
INTE                              00000004
INTEDG                            00000006
INTF                              00000001
IRP                               00000007
NOT_PD                            00000003
NOT_RBPU                          00000007
NOT_TO                            00000004
OPTION_REG                        00000081
PCL                               00000002
PCLATH                            0000000A
PORTA                             00000005
PORTB                             00000006
PS0                               00000000
PS1                               00000001
PS2                               00000002
PSA                               00000003
RA0                               00000000
RA1                               00000001
RA2                               00000002
RA3                               00000003
RA4                               00000004
RB0                               00000000
RB1                               00000001
RB2                               00000002
RB3                               00000003
RB4                               00000004
RB5                               00000005
RB6                               00000006
RB7                               00000007
RBIE                              00000003
MPASM  5.43                      PROCE161.ASM   6-25-2018  18:31:50         PAGE  5


SYMBOL TABLE
  LABEL                             VALUE 

RBIF                              00000000
RD                                00000000
RP0                               00000005
RP1                               00000006
STATUS                            00000003
T0CS                              00000005
T0IE                              00000005
T0IF                              00000002
T0SE                              00000004
TMR0                              00000001
TMR0IE                            00000005
TMR0IF                            00000002
TRISA                             00000085
TRISA0                            00000000
TRISA1                            00000001
TRISA2                            00000002
TRISA3                            00000003
TRISA4                            00000004
TRISB                             00000086
TRISB0                            00000000
TRISB1                            00000001
TRISB2                            00000002
TRISB3                            00000003
TRISB4                            00000004
TRISB5                            00000005
TRISB6                            00000006
TRISB7                            00000007
W                                 00000000
WR                                00000001
WREN                              00000002
WRERR                             00000003
Z                                 00000002
_CONFIG                           00002007
_CP_OFF                           00003FFF
_CP_ON                            0000000F
_DEVID1                           00002006
_FOSC_EXTRC                       00003FFF
_FOSC_HS                          00003FFE
_FOSC_LP                          00003FFC
_FOSC_XT                          00003FFD
_HS_OSC                           00003FFE
_IDLOC0                           00002000
_IDLOC1                           00002001
_IDLOC2                           00002002
_IDLOC3                           00002003
_LP_OSC                           00003FFC
_PWRTE_OFF                        00003FFF
_PWRTE_ON                         00003FF7
_RC_OSC                           00003FFF
_WDTE_OFF                         00003FFB
_WDTE_ON                          00003FFF
_WDT_OFF                          00003FFB
_WDT_ON                           00003FFF
MPASM  5.43                      PROCE161.ASM   6-25-2018  18:31:50         PAGE  6


SYMBOL TABLE
  LABEL                             VALUE 

_XT_OSC                           00003FFD
__16F84A                          00000001


MEMORY USAGE MAP ('X' = Used,  '-' = Unused)

0000 : XXXXXXXXXXXXXXXX XXXXXXXXXXXXXXXX XXXXXXXXXXXXXXXX XXXXXXXX--------

All other memory blocks unused.

Program Memory Words Used:    56
Program Memory Words Free:   968


Errors   :     0
Warnings :     1 reported,     0 suppressed
Messages :     0 reported,     0 suppressed

