MPASM  5.43                      PROCE141.ASM   6-25-2018  11:06:49         PAGE  1


LOC  OBJECT CODE     LINE SOURCE TEXT
  VALUE

                      00001 ;****************************************************
                      00002 
                      00003         LIST P=16F84A
                      00004         
                      00005         INCLUDE<P16F84A.INC>
                      00001         LIST
                      00002 
                      00003 ;==========================================================================
                      00004 ;  MPASM PIC16F84A processor include
                      00005 ; 
                      00006 ;  (c) Copyright 1999-2011 Microchip Technology, All rights reserved
                      00007 ;==========================================================================
                      00008 
                      00207         LIST
                      00006         
                      00007 ;P 14 1
                      00008 
                      00009 ;****************************************************
                      00010 
0000   3057           00011         movlw   0x57
0001   008C           00012         movwf   0x0C
0002   3089           00013         movlw   0x89
0003   008D           00014         movwf   0x0D
0004   3012           00015         movlw   0x12
0005   008E           00016         movwf   0x0E
0006   30AB           00017         movlw   0xAB
0007   008F           00018         movwf   0x0F
0008   2809           00019         goto    SUMA
                      00020         
0009                  00021 SUMA
                      00022         
0009   080F           00023         movfw   0x0F
000A   070D           00024         addwf   0x0D,0
000B   0091           00025         movwf   0x11
000C   2016           00026         call    CARRY
000D   080E           00027         movfw   0x0E
000E   070C           00028         addwf   0x0C,0
000F   2012           00029         call    CARRY_2
0010   0090           00030         movwf   0x10
0011   281A           00031         goto    FIN
                      00032         
0012                  00033 CARRY_2
0012   1C03           00034         btfss   STATUS,0
0013   0008           00035         return
0014   0AA0           00036         incf    0x20,1
0015   0008           00037         return
                      00038         
0016                  00039 CARRY
0016   1C03           00040         btfss   STATUS,0
0017   0008           00041         return
0018   0A8E           00042         incf    0x0E,1
0019   0008           00043         return
                      00044         
MPASM  5.43                      PROCE141.ASM   6-25-2018  11:06:49         PAGE  2


LOC  OBJECT CODE     LINE SOURCE TEXT
  VALUE

001A                  00045 FIN
                      00046         
001A   281A           00047         goto    FIN
                      00048         
Warning[205]: Found directive in column 1. (END)
                      00049 END
MPASM  5.43                      PROCE141.ASM   6-25-2018  11:06:49         PAGE  3


SYMBOL TABLE
  LABEL                             VALUE 

C                                 00000000
CARRY                             00000016
CARRY_2                           00000012
DC                                00000001
EEADR                             00000009
EECON1                            00000088
EECON2                            00000089
EEDATA                            00000008
EEIE                              00000006
EEIF                              00000004
F                                 00000001
FIN                               0000001A
FSR                               00000004
GIE                               00000007
INDF                              00000000
INTCON                            0000000B
INTE                              00000004
INTEDG                            00000006
INTF                              00000001
IRP                               00000007
NOT_PD                            00000003
NOT_RBPU                          00000007
NOT_TO                            00000004
OPTION_REG                        00000081
PCL                               00000002
PCLATH                            0000000A
PORTA                             00000005
PORTB                             00000006
PS0                               00000000
PS1                               00000001
PS2                               00000002
PSA                               00000003
RA0                               00000000
RA1                               00000001
RA2                               00000002
RA3                               00000003
RA4                               00000004
RB0                               00000000
RB1                               00000001
RB2                               00000002
RB3                               00000003
RB4                               00000004
RB5                               00000005
RB6                               00000006
RB7                               00000007
RBIE                              00000003
RBIF                              00000000
RD                                00000000
RP0                               00000005
RP1                               00000006
STATUS                            00000003
SUMA                              00000009
T0CS                              00000005
MPASM  5.43                      PROCE141.ASM   6-25-2018  11:06:49         PAGE  4


SYMBOL TABLE
  LABEL                             VALUE 

T0IE                              00000005
T0IF                              00000002
T0SE                              00000004
TMR0                              00000001
TMR0IE                            00000005
TMR0IF                            00000002
TRISA                             00000085
TRISA0                            00000000
TRISA1                            00000001
TRISA2                            00000002
TRISA3                            00000003
TRISA4                            00000004
TRISB                             00000086
TRISB0                            00000000
TRISB1                            00000001
TRISB2                            00000002
TRISB3                            00000003
TRISB4                            00000004
TRISB5                            00000005
TRISB6                            00000006
TRISB7                            00000007
W                                 00000000
WR                                00000001
WREN                              00000002
WRERR                             00000003
Z                                 00000002
_CONFIG                           00002007
_CP_OFF                           00003FFF
_CP_ON                            0000000F
_DEVID1                           00002006
_FOSC_EXTRC                       00003FFF
_FOSC_HS                          00003FFE
_FOSC_LP                          00003FFC
_FOSC_XT                          00003FFD
_HS_OSC                           00003FFE
_IDLOC0                           00002000
_IDLOC1                           00002001
_IDLOC2                           00002002
_IDLOC3                           00002003
_LP_OSC                           00003FFC
_PWRTE_OFF                        00003FFF
_PWRTE_ON                         00003FF7
_RC_OSC                           00003FFF
_WDTE_OFF                         00003FFB
_WDTE_ON                          00003FFF
_WDT_OFF                          00003FFB
_WDT_ON                           00003FFF
_XT_OSC                           00003FFD
__16F84A                          00000001
MPASM  5.43                      PROCE141.ASM   6-25-2018  11:06:49         PAGE  5


MEMORY USAGE MAP ('X' = Used,  '-' = Unused)


0000 : XXXXXXXXXXXXXXXX XXXXXXXXXXX----- ---------------- ----------------

All other memory blocks unused.

Program Memory Words Used:    27
Program Memory Words Free:   997


Errors   :     0
Warnings :     1 reported,     0 suppressed
Messages :     0 reported,     0 suppressed

